<?xml version="1.0" encoding="UTF-8"?>
<!-- Generated by org.testng.reporters.JUnitReportReporter -->
<testsuite hostname="DESKTOP-66PIGPH" failures="0" tests="1" name="com.ots.testcases.LoginTest" time="10.742" errors="0" timestamp="2024-02-22T12:53:30 IST" skipped="0">
  <testcase classname="com.ots.testcases.LoginTest" name="loginToApplicationWithValidCredentials" time="10.742"/>
</testsuite> <!-- com.ots.testcases.LoginTest -->
