<?xml version="1.0" encoding="UTF-8"?>
<!-- Generated by org.testng.reporters.JUnitReportReporter -->
<testsuite hostname="Kunal-AsushVivobookPro" failures="0" tests="1" name="com.ots.testcases.LoginTest" time="7.826" errors="0" timestamp="2024-02-02T20:16:47 IST" skipped="0">
  <testcase classname="com.ots.testcases.LoginTest" name="loginToApplicationWithValidCredentials" time="7.826"/>
</testsuite> <!-- com.ots.testcases.LoginTest -->
